<?xml version="1.0" encoding="UTF-8"?>
<testsuite xmlns:xsi="http://www.w3.org/2001/XMLSchema-instance" xsi:noNamespaceSchemaLocation="https://maven.apache.org/surefire/maven-surefire-plugin/xsd/surefire-test-report.xsd" name="eleven.MainTest" time="0.059" tests="3" errors="0" skipped="0" failures="0">
  <properties>
[...]
</properties>
  <testcase name="testNull" classname="eleven.MainTest" time="0.014"/>
  <testcase name="test{String, int}[1]" classname="eleven.MainTest" time="0.012"/>
  <testcase name="test{String, int}[2]" classname="eleven.MainTest" time="0.001"/>
</testsuite>